<?xml version="1.0" encoding="UTF-8"?>
<testng-results ignored="0" total="1" passed="1" failed="0" skipped="0">
  <reporter-output>
  </reporter-output>
  <suite started-at="2022-07-20T20:28:48 IST" name="Default suite" finished-at="2022-07-20T20:29:01 IST" duration-ms="12652">
    <groups>
    </groups>
    <test started-at="2022-07-20T20:28:48 IST" name="Default test" finished-at="2022-07-20T20:29:01 IST" duration-ms="12652">
      <class name="FB_TestCases.Keyword_Engine_Test">
        <test-method signature="startExecutions_Test()[pri:0, instance:FB_TestCases.Keyword_Engine_Test@78123e82]" started-at="2022-07-20T20:28:48 IST" name="startExecutions_Test" finished-at="2022-07-20T20:29:01 IST" duration-ms="12601" status="PASS">
          <reporter-output>
          </reporter-output>
        </test-method> <!-- startExecutions_Test -->
      </class> <!-- FB_TestCases.Keyword_Engine_Test -->
    </test> <!-- Default test -->
  </suite> <!-- Default suite -->
</testng-results>
